Arguments: 
  /usr/local/bin/node /usr/local/bin/yarn install

PATH: 
  /usr/local/bin:/usr/bin:/bin:/usr/sbin:/sbin

Yarn version: 
  1.2.1

Node version: 
  8.7.0

Platform: 
  darwin x64

npm manifest: 
  {
    "name": "fee-basecode",
    "version": "1.0.0",
    "description": "",
    "main": "index.js",
    "scripts": {
      "test": "echo \"Error: no test specified\" && exit 1"
    },
    "repository": {
      "type": "git",
      "url": "git+https://github.com/ChrisWen960216/fee-basecode.git"
    },
    "author": "ChrisWen",
    "license": "ISC",
    "bugs": {
      "url": "https://github.com/ChrisWen960216/fee-basecode/issues"
    },
    "homepage": "https://github.com/ChrisWen960216/fee-basecode#readme",
    "devDependencies": {
      "eslint": "^4.10.0",
      "eslint-config-standard": "10.2.1",
      "eslint-plugin-import": "2.8.0",
      "eslint-plugin-node": "5.2.1",
      "eslint-plugin-promise": "3.6.0",
      "eslint-plugin-standard": "3.0.1"
    }
  }

yarn manifest: 
  No manifest

Lockfile: 
  No lockfile

Trace: 
  Error: ENOENT: no such file or directory, copyfile '/Users/ChrisWen/Library/Caches/Yarn/v1/npm-ansi-styles-2.2.1-b432dd3358b634cf75e1e4664368240533c1ddbe/license' -> '/Users/ChrisWen/AllCodeFloader/fee-basecode/node_modules/babel-code-frame/node_modules/ansi-styles/license'
